manifest-merger-debug-report.txt
-- Merging decision tree log ---
manifest
ADDED from src\main\AndroidManifest.xml:2:1-43:12
INJECTED from src\main\AndroidManifest.xml:2:1-43:12
INJECTED from src\main\AndroidManifest.xml:2:1-43:12
INJECTED from src\main\AndroidManifest.xml:2:1-43:12
MERGED from [androidx.databinding:viewbinding:7.1.2] AndroidManifest.xml:17:1-24:12
MERGED from [com.google.android.material:material:1.6.1] AndroidManifest.xml:17:1-26:12
MERGED from [androidx.constraintlayout:constraintlayout:2.1.4] AndroidManifest.xml:2:1-11:12
MERGED from [androidx.appcompat:appcompat:1.4.2] AndroidManifest.xml:17:1-24:12
MERGED from [com.google.firebase:firebase-auth:19.2.0] AndroidManifest.xml:17:1-42:12
MERGED from [com.google.firebase:firebase-firestore:21.4.0] AndroidManifest.xml:2:1-26:12
MERGED from [com.google.firebase:firebase-storage:19.1.1] AndroidManifest.xml:15:1-39:12
MERGED from [androidx.legacy:legacy-support-v4:1.0.0] AndroidManifest.xml:17:1-22:12
MERGED from [pl.droidsonroids.gif:android-gif-drawable:1.2.25] AndroidManifest.xml:2:1-9:12
MERGED from [androidx.viewpager2:viewpager2:1.0.0] AndroidManifest.xml:17:1-24:12
MERGED from [com.google.firebase:firebase-auth-interop:19.0.0] AndroidManifest.xml:2:1-10:12
MERGED from [com.google.android.gms:play-services-base:17.1.0] AndroidManifest.xml:17:1-29:12
MERGED from [com.google.firebase:firebase-common:19.3.0] AndroidManifest.xml:15:1-39:12
MERGED from [com.google.android.gms:play-services-tasks:17.0.0] AndroidManifest.xml:2:1-9:12
MERGED from [com.google.android.gms:play-services-basement:17.0.0] AndroidManifest.xml:17:1-28:12
MERGED from [androidx.fragment:fragment:1.3.6] AndroidManifest.xml:17:1-24:12
MERGED from [androidx.activity:activity:1.2.4] AndroidManifest.xml:17:1-24:12
MERGED from [androidx.appcompat:appcompat-resources:1.4.2] AndroidManifest.xml:17:1-24:12
MERGED from [androidx.emoji2:emoji2-views-helper:1.0.0] AndroidManifest.xml:17:1-24:12
MERGED from [androidx.emoji2:emoji2:1.0.0] AndroidManifest.xml:17:1-37:12
MERGED from [androidx.legacy:legacy-support-core-ui:1.0.0] AndroidManifest.xml:17:1-22:12
MERGED from [androidx.drawerlayout:drawerlayout:1.1.1] AndroidManifest.xml:17:1-24:12
MERGED from [androidx.coordinatorlayout:coordinatorlayout:1.1.0] AndroidManifest.xml:17:1-24:12
MERGED from [androidx.dynamicanimation:dynamicanimation:1.0.0] AndroidManifest.xml:17:1-22:12
MERGED from [androidx.transition:transition:1.2.0] AndroidManifest.xml:17:1-24:12
MERGED from [androidx.vectordrawable:vectordrawable-animated:1.1.0] AndroidManifest.xml:17:1-24:12
MERGED from [androidx.vectordrawable:vectordrawable:1.1.0] AndroidManifest.xml:17:1-24:12
MERGED from [androidx.media:media:1.0.0] AndroidManifest.xml:17:1-22:12
MERGED from [androidx.legacy:legacy-support-core-utils:1.0.0] AndroidManifest.xml:17:1-22:12
MERGED from [androidx.viewpager:viewpager:1.0.0] AndroidManifest.xml:17:1-22:12
MERGED from [androidx.loader:loader:1.0.0] AndroidManifest.xml:17:1-22:12
MERGED from [androidx.recyclerview:recyclerview:1.1.0] AndroidManifest.xml:17:1-24:12
MERGED from [androidx.slidingpanelayout:slidingpanelayout:1.0.0] AndroidManifest.xml:17:1-22:12
MERGED from [androidx.customview:customview:1.1.0] AndroidManifest.xml:17:1-24:12
MERGED from [androidx.swiperefreshlayout:swiperefreshlayout:1.0.0] AndroidManifest.xml:17:1-22:12
MERGED from [androidx.asynclayoutinflater:asynclayoutinflater:1.0.0] AndroidManifest.xml:17:1-22:12
MERGED from [androidx.core:core:1.7.0] AndroidManifest.xml:17:1-26:12
MERGED from [androidx.cursoradapter:cursoradapter:1.0.0] AndroidManifest.xml:17:1-22:12
MERGED from [androidx.lifecycle:lifecycle-viewmodel-savedstate:2.3.1] AndroidManifest.xml:17:1-24:12
MERGED from [androidx.savedstate:savedstate:1.1.0] AndroidManifest.xml:17:1-24:12
MERGED from [androidx.lifecycle:lifecycle-viewmodel:2.3.1] AndroidManifest.xml:17:1-24:12
MERGED from [androidx.cardview:cardview:1.0.0] AndroidManifest.xml:17:1-22:12
MERGED from [androidx.localbroadcastmanager:localbroadcastmanager:1.0.0] AndroidManifest.xml:17:1-22:12
MERGED from [com.google.firebase:firebase-components:16.0.0] AndroidManifest.xml:15:1-23:12
MERGED from [androidx.versionedparcelable:versionedparcelable:1.1.1] AndroidManifest.xml:17:1-27:12
MERGED from [androidx.lifecycle:lifecycle-process:2.4.0] AndroidManifest.xml:17:1-37:12
MERGED from [androidx.startup:startup-runtime:1.0.0] AndroidManifest.xml:17:1-33:12
MERGED from [androidx.tracing:tracing:1.0.0] AndroidManifest.xml:17:1-24:12
MERGED from [androidx.lifecycle:lifecycle-livedata:2.0.0] AndroidManifest.xml:17:1-22:12
MERGED from [androidx.lifecycle:lifecycle-livedata-core:2.3.1] AndroidManifest.xml:17:1-24:12
MERGED from [androidx.lifecycle:lifecycle-runtime:2.4.0] AndroidManifest.xml:17:1-24:12
MERGED from [androidx.arch.core:core-runtime:2.1.0] AndroidManifest.xml:17:1-24:12
MERGED from [androidx.documentfile:documentfile:1.0.0] AndroidManifest.xml:17:1-22:12
MERGED from [androidx.print:print:1.0.0] AndroidManifest.xml:17:1-22:12
MERGED from [androidx.interpolator:interpolator:1.0.0] AndroidManifest.xml:17:1-22:12
MERGED from [androidx.annotation:annotation-experimental:1.1.0] AndroidManifest.xml:17:1-24:12
MERGED from [com.google.firebase:firebase-database-collection:17.0.0] AndroidManifest.xml:2:1-7:12
MERGED from [com.google.firebase:protolite-well-known-types:17.0.0] AndroidManifest.xml:2:1-11:12
MERGED from [io.grpc:grpc-android:1.21.0] AndroidManifest.xml:2:1-13:12
MERGED from [pl.droidsonroids.relinker:relinker:1.4.1] AndroidManifest.xml:2:1-7:12
INJECTED from src\main\AndroidManifest.xml:2:1-43:12
INJECTED from src\main\AndroidManifest.xml:2:1-43:12
INJECTED from src\main\AndroidManifest.xml:2:1-43:12
	package
		ADDED from src\main\AndroidManifest.xml:3:5-36
		INJECTED from src\main\AndroidManifest.xml
		INJECTED from src\main\AndroidManifest.xml
	android:versionName
		INJECTED from src\main\AndroidManifest.xml
		ADDED from src\main\AndroidManifest.xml:2:1-43:12
		INJECTED from src\main\AndroidManifest.xml
	android:versionCode
		INJECTED from src\main\AndroidManifest.xml
		ADDED from src\main\AndroidManifest.xml:2:1-43:12
		INJECTED from src\main\AndroidManifest.xml
	xmlns:android
		ADDED from src\main\AndroidManifest.xml:2:11-69
application
ADDED from src\main\AndroidManifest.xml:5:5-41:19
MERGED from [com.google.android.material:material:1.6.1] AndroidManifest.xml:24:5-20
MERGED from [com.google.android.material:material:1.6.1] AndroidManifest.xml:24:5-20
MERGED from [androidx.constraintlayout:constraintlayout:2.1.4] AndroidManifest.xml:9:5-20
MERGED from [androidx.constraintlayout:constraintlayout:2.1.4] AndroidManifest.xml:9:5-20
MERGED from [com.google.firebase:firebase-auth:19.2.0] AndroidManifest.xml:23:5-40:19
MERGED from [com.google.firebase:firebase-auth:19.2.0] AndroidManifest.xml:23:5-40:19
MERGED from [com.google.firebase:firebase-firestore:21.4.0] AndroidManifest.xml:16:5-24:19
MERGED from [com.google.firebase:firebase-firestore:21.4.0] AndroidManifest.xml:16:5-24:19
MERGED from [com.google.firebase:firebase-storage:19.1.1] AndroidManifest.xml:29:5-37:19
MERGED from [com.google.firebase:firebase-storage:19.1.1] AndroidManifest.xml:29:5-37:19
MERGED from [com.google.firebase:firebase-auth-interop:19.0.0] AndroidManifest.xml:7:5-8:19
MERGED from [com.google.firebase:firebase-auth-interop:19.0.0] AndroidManifest.xml:7:5-8:19
MERGED from [com.google.android.gms:play-services-base:17.1.0] AndroidManifest.xml:22:5-27:19
MERGED from [com.google.android.gms:play-services-base:17.1.0] AndroidManifest.xml:22:5-27:19
MERGED from [com.google.firebase:firebase-common:19.3.0] AndroidManifest.xml:25:5-37:19
MERGED from [com.google.firebase:firebase-common:19.3.0] AndroidManifest.xml:25:5-37:19
MERGED from [com.google.android.gms:play-services-tasks:17.0.0] AndroidManifest.xml:7:5-20
MERGED from [com.google.android.gms:play-services-tasks:17.0.0] AndroidManifest.xml:7:5-20
MERGED from [com.google.android.gms:play-services-basement:17.0.0] AndroidManifest.xml:22:5-26:19
MERGED from [com.google.android.gms:play-services-basement:17.0.0] AndroidManifest.xml:22:5-26:19
MERGED from [androidx.emoji2:emoji2:1.0.0] AndroidManifest.xml:25:5-35:19
MERGED from [androidx.emoji2:emoji2:1.0.0] AndroidManifest.xml:25:5-35:19
MERGED from [androidx.core:core:1.7.0] AndroidManifest.xml:24:5-89
MERGED from [androidx.core:core:1.7.0] AndroidManifest.xml:24:5-89
MERGED from [androidx.versionedparcelable:versionedparcelable:1.1.1] AndroidManifest.xml:24:5-25:19
MERGED from [androidx.versionedparcelable:versionedparcelable:1.1.1] AndroidManifest.xml:24:5-25:19
MERGED from [androidx.lifecycle:lifecycle-process:2.4.0] AndroidManifest.xml:25:5-35:19
MERGED from [androidx.lifecycle:lifecycle-process:2.4.0] AndroidManifest.xml:25:5-35:19
MERGED from [androidx.startup:startup-runtime:1.0.0] AndroidManifest.xml:25:5-31:19
MERGED from [androidx.startup:startup-runtime:1.0.0] AndroidManifest.xml:25:5-31:19
	android:appComponentFactory
		ADDED from [androidx.core:core:1.7.0] AndroidManifest.xml:24:18-86
	android:supportsRtl
		ADDED from src\main\AndroidManifest.xml:8:9-35
	android:label
		ADDED from src\main\AndroidManifest.xml:7:9-41
	android:allowBackup
		ADDED from src\main\AndroidManifest.xml:6:9-35
	android:theme
		ADDED from src\main\AndroidManifest.xml:9:9-44
activity#com.example.t7.buildu.UserGovernment
ADDED from src\main\AndroidManifest.xml:10:9-12:40
	android:exported
		ADDED from src\main\AndroidManifest.xml:12:13-37
	android:name
		ADDED from src\main\AndroidManifest.xml:11:13-43
activity#com.example.t7.buildu.Login
ADDED from src\main\AndroidManifest.xml:13:9-15:40
	android:exported
		ADDED from src\main\AndroidManifest.xml:15:13-37
	android:name
		ADDED from src\main\AndroidManifest.xml:14:13-34
activity#com.example.t7.buildu.Register
ADDED from src\main\AndroidManifest.xml:16:9-18:40
	android:exported
		ADDED from src\main\AndroidManifest.xml:18:13-37
	android:name
		ADDED from src\main\AndroidManifest.xml:17:13-37
activity#com.example.t7.buildu.SplashScreen
ADDED from src\main\AndroidManifest.xml:19:9-27:20
	android:exported
		ADDED from src\main\AndroidManifest.xml:21:13-36
	android:name
		ADDED from src\main\AndroidManifest.xml:20:13-41
intent-filter#action:name:android.intent.action.MAIN+category:name:android.intent.category.LAUNCHER
ADDED from src\main\AndroidManifest.xml:22:13-26:29
action#android.intent.action.MAIN
ADDED from src\main\AndroidManifest.xml:23:17-69
	android:name
		ADDED from src\main\AndroidManifest.xml:23:25-66
category#android.intent.category.LAUNCHER
ADDED from src\main\AndroidManifest.xml:25:17-77
	android:name
		ADDED from src\main\AndroidManifest.xml:25:27-74
activity#com.example.t7.buildu.MainActivity
ADDED from src\main\AndroidManifest.xml:28:9-36:20
	android:exported
		ADDED from src\main\AndroidManifest.xml:30:13-36
	android:name
		ADDED from src\main\AndroidManifest.xml:29:13-41
meta-data#preloaded_fonts
ADDED from src\main\AndroidManifest.xml:38:9-40:57
	android:resource
		ADDED from src\main\AndroidManifest.xml:40:13-54
	android:name
		ADDED from src\main\AndroidManifest.xml:39:13-43
uses-sdk
INJECTED from src\main\AndroidManifest.xml reason: use-sdk injection requested
INJECTED from src\main\AndroidManifest.xml
INJECTED from src\main\AndroidManifest.xml
MERGED from [androidx.databinding:viewbinding:7.1.2] AndroidManifest.xml:20:5-22:41
MERGED from [androidx.databinding:viewbinding:7.1.2] AndroidManifest.xml:20:5-22:41
MERGED from [com.google.android.material:material:1.6.1] AndroidManifest.xml:20:5-22:41
MERGED from [com.google.android.material:material:1.6.1] AndroidManifest.xml:20:5-22:41
MERGED from [androidx.constraintlayout:constraintlayout:2.1.4] AndroidManifest.xml:5:5-7:41
MERGED from [androidx.constraintlayout:constraintlayout:2.1.4] AndroidManifest.xml:5:5-7:41
MERGED from [androidx.appcompat:appcompat:1.4.2] AndroidManifest.xml:20:5-22:41
MERGED from [androidx.appcompat:appcompat:1.4.2] AndroidManifest.xml:20:5-22:41
MERGED from [com.google.firebase:firebase-auth:19.2.0] AndroidManifest.xml:21:5-44
MERGED from [com.google.firebase:firebase-auth:19.2.0] AndroidManifest.xml:21:5-44
MERGED from [com.google.firebase:firebase-firestore:21.4.0] AndroidManifest.xml:7:5-9:41
MERGED from [com.google.firebase:firebase-firestore:21.4.0] AndroidManifest.xml:7:5-9:41
MERGED from [com.google.firebase:firebase-storage:19.1.1] AndroidManifest.xml:20:5-22:41
MERGED from [com.google.firebase:firebase-storage:19.1.1] AndroidManifest.xml:20:5-22:41
MERGED from [androidx.legacy:legacy-support-v4:1.0.0] AndroidManifest.xml:20:5-44
MERGED from [androidx.legacy:legacy-support-v4:1.0.0] AndroidManifest.xml:20:5-44
MERGED from [pl.droidsonroids.gif:android-gif-drawable:1.2.25] AndroidManifest.xml:5:5-7:41
MERGED from [pl.droidsonroids.gif:android-gif-drawable:1.2.25] AndroidManifest.xml:5:5-7:41
MERGED from [androidx.viewpager2:viewpager2:1.0.0] AndroidManifest.xml:20:5-22:41
MERGED from [androidx.viewpager2:viewpager2:1.0.0] AndroidManifest.xml:20:5-22:41
MERGED from [com.google.firebase:firebase-auth-interop:19.0.0] AndroidManifest.xml:5:5-44
MERGED from [com.google.firebase:firebase-auth-interop:19.0.0] AndroidManifest.xml:5:5-44
MERGED from [com.google.android.gms:play-services-base:17.1.0] AndroidManifest.xml:20:5-44
MERGED from [com.google.android.gms:play-services-base:17.1.0] AndroidManifest.xml:20:5-44
MERGED from [com.google.firebase:firebase-common:19.3.0] AndroidManifest.xml:20:5-22:41
MERGED from [com.google.firebase:firebase-common:19.3.0] AndroidManifest.xml:20:5-22:41
MERGED from [com.google.android.gms:play-services-tasks:17.0.0] AndroidManifest.xml:5:5-44
MERGED from [com.google.android.gms:play-services-tasks:17.0.0] AndroidManifest.xml:5:5-44
MERGED from [com.google.android.gms:play-services-basement:17.0.0] AndroidManifest.xml:20:5-44
MERGED from [com.google.android.gms:play-services-basement:17.0.0] AndroidManifest.xml:20:5-44
MERGED from [androidx.fragment:fragment:1.3.6] AndroidManifest.xml:20:5-22:41
MERGED from [androidx.fragment:fragment:1.3.6] AndroidManifest.xml:20:5-22:41
MERGED from [androidx.activity:activity:1.2.4] AndroidManifest.xml:20:5-22:41
MERGED from [androidx.activity:activity:1.2.4] AndroidManifest.xml:20:5-22:41
MERGED from [androidx.appcompat:appcompat-resources:1.4.2] AndroidManifest.xml:20:5-22:41
MERGED from [androidx.appcompat:appcompat-resources:1.4.2] AndroidManifest.xml:20:5-22:41
MERGED from [androidx.emoji2:emoji2-views-helper:1.0.0] AndroidManifest.xml:20:5-22:41
MERGED from [androidx.emoji2:emoji2-views-helper:1.0.0] AndroidManifest.xml:20:5-22:41
MERGED from [androidx.emoji2:emoji2:1.0.0] AndroidManifest.xml:21:5-23:41
MERGED from [androidx.emoji2:emoji2:1.0.0] AndroidManifest.xml:21:5-23:41
MERGED from [androidx.legacy:legacy-support-core-ui:1.0.0] AndroidManifest.xml:20:5-44
MERGED from [androidx.legacy:legacy-support-core-ui:1.0.0] AndroidManifest.xml:20:5-44
MERGED from [androidx.drawerlayout:drawerlayout:1.1.1] AndroidManifest.xml:20:5-22:41
MERGED from [androidx.drawerlayout:drawerlayout:1.1.1] AndroidManifest.xml:20:5-22:41
MERGED from [androidx.coordinatorlayout:coordinatorlayout:1.1.0] AndroidManifest.xml:20:5-22:41
MERGED from [androidx.coordinatorlayout:coordinatorlayout:1.1.0] AndroidManifest.xml:20:5-22:41
MERGED from [androidx.dynamicanimation:dynamicanimation:1.0.0] AndroidManifest.xml:20:5-44
MERGED from [androidx.dynamicanimation:dynamicanimation:1.0.0] AndroidManifest.xml:20:5-44
MERGED from [androidx.transition:transition:1.2.0] AndroidManifest.xml:20:5-22:41
MERGED from [androidx.transition:transition:1.2.0] AndroidManifest.xml:20:5-22:41
MERGED from [androidx.vectordrawable:vectordrawable-animated:1.1.0] AndroidManifest.xml:20:5-22:41
MERGED from [androidx.vectordrawable:vectordrawable-animated:1.1.0] AndroidManifest.xml:20:5-22:41
MERGED from [androidx.vectordrawable:vectordrawable:1.1.0] AndroidManifest.xml:20:5-22:41
MERGED from [androidx.vectordrawable:vectordrawable:1.1.0] AndroidManifest.xml:20:5-22:41
MERGED from [androidx.media:media:1.0.0] AndroidManifest.xml:20:5-44
MERGED from [androidx.media:media:1.0.0] AndroidManifest.xml:20:5-44
MERGED from [androidx.legacy:legacy-support-core-utils:1.0.0] AndroidManifest.xml:20:5-44
MERGED from [androidx.legacy:legacy-support-core-utils:1.0.0] AndroidManifest.xml:20:5-44
MERGED from [androidx.viewpager:viewpager:1.0.0] AndroidManifest.xml:20:5-44
MERGED from [androidx.viewpager:viewpager:1.0.0] AndroidManifest.xml:20:5-44
MERGED from [androidx.loader:loader:1.0.0] AndroidManifest.xml:20:5-44
MERGED from [androidx.loader:loader:1.0.0] AndroidManifest.xml:20:5-44
MERGED from [androidx.recyclerview:recyclerview:1.1.0] AndroidManifest.xml:20:5-22:41
MERGED from [androidx.recyclerview:recyclerview:1.1.0] AndroidManifest.xml:20:5-22:41
MERGED from [androidx.slidingpanelayout:slidingpanelayout:1.0.0] AndroidManifest.xml:20:5-44
MERGED from [androidx.slidingpanelayout:slidingpanelayout:1.0.0] AndroidManifest.xml:20:5-44
MERGED from [androidx.customview:customview:1.1.0] AndroidManifest.xml:20:5-22:41
MERGED from [androidx.customview:customview:1.1.0] AndroidManifest.xml:20:5-22:41
MERGED from [androidx.swiperefreshlayout:swiperefreshlayout:1.0.0] AndroidManifest.xml:20:5-44
MERGED from [androidx.swiperefreshlayout:swiperefreshlayout:1.0.0] AndroidManifest.xml:20:5-44
MERGED from [androidx.asynclayoutinflater:asynclayoutinflater:1.0.0] AndroidManifest.xml:20:5-44
MERGED from [androidx.asynclayoutinflater:asynclayoutinflater:1.0.0] AndroidManifest.xml:20:5-44
MERGED from [androidx.core:core:1.7.0] AndroidManifest.xml:20:5-22:41
MERGED from [androidx.core:core:1.7.0] AndroidManifest.xml:20:5-22:41
MERGED from [androidx.cursoradapter:cursoradapter:1.0.0] AndroidManifest.xml:20:5-44
MERGED from [androidx.cursoradapter:cursoradapter:1.0.0] AndroidManifest.xml:20:5-44
MERGED from [androidx.lifecycle:lifecycle-viewmodel-savedstate:2.3.1] AndroidManifest.xml:20:5-22:41
MERGED from [androidx.lifecycle:lifecycle-viewmodel-savedstate:2.3.1] AndroidManifest.xml:20:5-22:41
MERGED from [androidx.savedstate:savedstate:1.1.0] AndroidManifest.xml:20:5-22:41
MERGED from [androidx.savedstate:savedstate:1.1.0] AndroidManifest.xml:20:5-22:41
MERGED from [androidx.lifecycle:lifecycle-viewmodel:2.3.1] AndroidManifest.xml:20:5-22:41
MERGED from [androidx.lifecycle:lifecycle-viewmodel:2.3.1] AndroidManifest.xml:20:5-22:41
MERGED from [androidx.cardview:cardview:1.0.0] AndroidManifest.xml:20:5-44
MERGED from [androidx.cardview:cardview:1.0.0] AndroidManifest.xml:20:5-44
MERGED from [androidx.localbroadcastmanager:localbroadcastmanager:1.0.0] AndroidManifest.xml:20:5-44
MERGED from [androidx.localbroadcastmanager:localbroadcastmanager:1.0.0] AndroidManifest.xml:20:5-44
MERGED from [com.google.firebase:firebase-components:16.0.0] AndroidManifest.xml:19:5-21:41
MERGED from [com.google.firebase:firebase-components:16.0.0] AndroidManifest.xml:19:5-21:41
MERGED from [androidx.versionedparcelable:versionedparcelable:1.1.1] AndroidManifest.xml:20:5-22:41
MERGED from [androidx.versionedparcelable:versionedparcelable:1.1.1] AndroidManifest.xml:20:5-22:41
MERGED from [androidx.lifecycle:lifecycle-process:2.4.0] AndroidManifest.xml:21:5-23:41
MERGED from [androidx.lifecycle:lifecycle-process:2.4.0] AndroidManifest.xml:21:5-23:41
MERGED from [androidx.startup:startup-runtime:1.0.0] AndroidManifest.xml:21:5-23:41
MERGED from [androidx.startup:startup-runtime:1.0.0] AndroidManifest.xml:21:5-23:41
MERGED from [androidx.tracing:tracing:1.0.0] AndroidManifest.xml:20:5-22:41
MERGED from [androidx.tracing:tracing:1.0.0] AndroidManifest.xml:20:5-22:41
MERGED from [androidx.lifecycle:lifecycle-livedata:2.0.0] AndroidManifest.xml:20:5-44
MERGED from [androidx.lifecycle:lifecycle-livedata:2.0.0] AndroidManifest.xml:20:5-44
MERGED from [androidx.lifecycle:lifecycle-livedata-core:2.3.1] AndroidManifest.xml:20:5-22:41
MERGED from [androidx.lifecycle:lifecycle-livedata-core:2.3.1] AndroidManifest.xml:20:5-22:41
MERGED from [androidx.lifecycle:lifecycle-runtime:2.4.0] AndroidManifest.xml:20:5-22:41
MERGED from [androidx.lifecycle:lifecycle-runtime:2.4.0] AndroidManifest.xml:20:5-22:41
MERGED from [androidx.arch.core:core-runtime:2.1.0] AndroidManifest.xml:20:5-22:41
MERGED from [androidx.arch.core:core-runtime:2.1.0] AndroidManifest.xml:20:5-22:41
MERGED from [androidx.documentfile:documentfile:1.0.0] AndroidManifest.xml:20:5-44
MERGED from [androidx.documentfile:documentfile:1.0.0] AndroidManifest.xml:20:5-44
MERGED from [androidx.print:print:1.0.0] AndroidManifest.xml:20:5-44
MERGED from [androidx.print:print:1.0.0] AndroidManifest.xml:20:5-44
MERGED from [androidx.interpolator:interpolator:1.0.0] AndroidManifest.xml:20:5-44
MERGED from [androidx.interpolator:interpolator:1.0.0] AndroidManifest.xml:20:5-44
MERGED from [androidx.annotation:annotation-experimental:1.1.0] AndroidManifest.xml:20:5-22:41
MERGED from [androidx.annotation:annotation-experimental:1.1.0] AndroidManifest.xml:20:5-22:41
MERGED from [com.google.firebase:firebase-database-collection:17.0.0] AndroidManifest.xml:5:5-44
MERGED from [com.google.firebase:firebase-database-collection:17.0.0] AndroidManifest.xml:5:5-44
MERGED from [com.google.firebase:protolite-well-known-types:17.0.0] AndroidManifest.xml:7:5-9:41
MERGED from [com.google.firebase:protolite-well-known-types:17.0.0] AndroidManifest.xml:7:5-9:41
MERGED from [io.grpc:grpc-android:1.21.0] AndroidManifest.xml:7:5-9:41
MERGED from [io.grpc:grpc-android:1.21.0] AndroidManifest.xml:7:5-9:41
MERGED from [pl.droidsonroids.relinker:relinker:1.4.1] AndroidManifest.xml:5:5-43
MERGED from [pl.droidsonroids.relinker:relinker:1.4.1] AndroidManifest.xml:5:5-43
INJECTED from src\main\AndroidManifest.xml
INJECTED from src\main\AndroidManifest.xml
	android:targetSdkVersion
		INJECTED from src\main\AndroidManifest.xml
		ADDED from src\main\AndroidManifest.xml
		INJECTED from src\main\AndroidManifest.xml
	android:minSdkVersion
		INJECTED from src\main\AndroidManifest.xml
		ADDED from src\main\AndroidManifest.xml
		INJECTED from src\main\AndroidManifest.xml
activity#com.google.firebase.auth.internal.FederatedSignInActivity
ADDED from [com.google.firebase:firebase-auth:19.2.0] AndroidManifest.xml:24:9-31:50
	android:excludeFromRecents
		ADDED from [com.google.firebase:firebase-auth:19.2.0] AndroidManifest.xml:26:13-46
	android:launchMode
		ADDED from [com.google.firebase:firebase-auth:19.2.0] AndroidManifest.xml:28:13-44
	android:exported
		ADDED from [com.google.firebase:firebase-auth:19.2.0] AndroidManifest.xml:27:13-36
	android:permission
		ADDED from [com.google.firebase:firebase-auth:19.2.0] AndroidManifest.xml:29:13-102
	android:theme
		ADDED from [com.google.firebase:firebase-auth:19.2.0] AndroidManifest.xml:30:13-72
	tools:replace
		ADDED from [com.google.firebase:firebase-auth:19.2.0] AndroidManifest.xml:31:13-47
	android:name
		ADDED from [com.google.firebase:firebase-auth:19.2.0] AndroidManifest.xml:25:13-85
service#com.google.firebase.components.ComponentDiscoveryService
ADDED from [com.google.firebase:firebase-auth:19.2.0] AndroidManifest.xml:33:9-39:19
MERGED from [com.google.firebase:firebase-firestore:21.4.0] AndroidManifest.xml:17:9-23:19
MERGED from [com.google.firebase:firebase-firestore:21.4.0] AndroidManifest.xml:17:9-23:19
MERGED from [com.google.firebase:firebase-storage:19.1.1] AndroidManifest.xml:30:9-36:19
MERGED from [com.google.firebase:firebase-storage:19.1.1] AndroidManifest.xml:30:9-36:19
MERGED from [com.google.firebase:firebase-common:19.3.0] AndroidManifest.xml:32:9-36:35
MERGED from [com.google.firebase:firebase-common:19.3.0] AndroidManifest.xml:32:9-36:35
	android:exported
		ADDED from [com.google.firebase:firebase-auth:19.2.0] AndroidManifest.xml:35:13-37
	tools:targetApi
		ADDED from [com.google.firebase:firebase-common:19.3.0] AndroidManifest.xml:36:13-32
	android:directBootAware
		ADDED from [com.google.firebase:firebase-common:19.3.0] AndroidManifest.xml:34:13-43
	android:name
		ADDED from [com.google.firebase:firebase-auth:19.2.0] AndroidManifest.xml:34:13-84
meta-data#com.google.firebase.components:com.google.firebase.auth.FirebaseAuthRegistrar
ADDED from [com.google.firebase:firebase-auth:19.2.0] AndroidManifest.xml:36:13-38:85
	android:value
		ADDED from [com.google.firebase:firebase-auth:19.2.0] AndroidManifest.xml:38:17-82
	android:name
		ADDED from [com.google.firebase:firebase-auth:19.2.0] AndroidManifest.xml:37:17-109
uses-permission#android.permission.ACCESS_NETWORK_STATE
ADDED from [com.google.firebase:firebase-firestore:21.4.0] AndroidManifest.xml:13:5-79
MERGED from [com.google.firebase:firebase-storage:19.1.1] AndroidManifest.xml:26:5-79
MERGED from [com.google.firebase:firebase-storage:19.1.1] AndroidManifest.xml:26:5-79
MERGED from [io.grpc:grpc-android:1.21.0] AndroidManifest.xml:11:5-79
MERGED from [io.grpc:grpc-android:1.21.0] AndroidManifest.xml:11:5-79
	android:name
		ADDED from [com.google.firebase:firebase-firestore:21.4.0] AndroidManifest.xml:13:22-76
uses-permission#android.permission.INTERNET
ADDED from [com.google.firebase:firebase-firestore:21.4.0] AndroidManifest.xml:14:5-67
MERGED from [com.google.firebase:firebase-storage:19.1.1] AndroidManifest.xml:27:5-67
MERGED from [com.google.firebase:firebase-storage:19.1.1] AndroidManifest.xml:27:5-67
	android:name
		ADDED from [com.google.firebase:firebase-firestore:21.4.0] AndroidManifest.xml:14:22-64
meta-data#com.google.firebase.components:com.google.firebase.firestore.FirestoreRegistrar
ADDED from [com.google.firebase:firebase-firestore:21.4.0] AndroidManifest.xml:20:13-22:85
	android:value
		ADDED from [com.google.firebase:firebase-firestore:21.4.0] AndroidManifest.xml:22:17-82
	android:name
		ADDED from [com.google.firebase:firebase-firestore:21.4.0] AndroidManifest.xml:21:17-111
meta-data#com.google.firebase.components:com.google.firebase.storage.StorageRegistrar
ADDED from [com.google.firebase:firebase-storage:19.1.1] AndroidManifest.xml:33:13-35:85
	android:value
		ADDED from [com.google.firebase:firebase-storage:19.1.1] AndroidManifest.xml:35:17-82
	android:name
		ADDED from [com.google.firebase:firebase-storage:19.1.1] AndroidManifest.xml:34:17-107
activity#com.google.android.gms.common.api.GoogleApiActivity
ADDED from [com.google.android.gms:play-services-base:17.1.0] AndroidManifest.xml:23:9-26:75
	android:exported
		ADDED from [com.google.android.gms:play-services-base:17.1.0] AndroidManifest.xml:25:13-37
	android:theme
		ADDED from [com.google.android.gms:play-services-base:17.1.0] AndroidManifest.xml:26:13-72
	android:name
		ADDED from [com.google.android.gms:play-services-base:17.1.0] AndroidManifest.xml:24:13-79
provider#com.google.firebase.provider.FirebaseInitProvider
ADDED from [com.google.firebase:firebase-common:19.3.0] AndroidManifest.xml:26:9-30:39
	android:authorities
		ADDED from [com.google.firebase:firebase-common:19.3.0] AndroidManifest.xml:28:13-72
	android:exported
		ADDED from [com.google.firebase:firebase-common:19.3.0] AndroidManifest.xml:29:13-37
	android:initOrder
		ADDED from [com.google.firebase:firebase-common:19.3.0] AndroidManifest.xml:30:13-36
	android:name
		ADDED from [com.google.firebase:firebase-common:19.3.0] AndroidManifest.xml:27:13-77
meta-data#com.google.android.gms.version
ADDED from [com.google.android.gms:play-services-basement:17.0.0] AndroidManifest.xml:23:9-25:69
	android:value
		ADDED from [com.google.android.gms:play-services-basement:17.0.0] AndroidManifest.xml:25:13-66
	android:name
		ADDED from [com.google.android.gms:play-services-basement:17.0.0] AndroidManifest.xml:24:13-58
provider#androidx.startup.InitializationProvider
ADDED from [androidx.emoji2:emoji2:1.0.0] AndroidManifest.xml:26:9-34:20
MERGED from [androidx.lifecycle:lifecycle-process:2.4.0] AndroidManifest.xml:26:9-34:20
MERGED from [androidx.lifecycle:lifecycle-process:2.4.0] AndroidManifest.xml:26:9-34:20
MERGED from [androidx.startup:startup-runtime:1.0.0] AndroidManifest.xml:26:9-30:34
MERGED from [androidx.startup:startup-runtime:1.0.0] AndroidManifest.xml:26:9-30:34
	tools:node
		ADDED from [androidx.emoji2:emoji2:1.0.0] AndroidManifest.xml:30:13-31
	android:authorities
		ADDED from [androidx.emoji2:emoji2:1.0.0] AndroidManifest.xml:28:13-68
	android:exported
		ADDED from [androidx.emoji2:emoji2:1.0.0] AndroidManifest.xml:29:13-37
	android:name
		ADDED from [androidx.emoji2:emoji2:1.0.0] AndroidManifest.xml:27:13-67
meta-data#androidx.emoji2.text.EmojiCompatInitializer
ADDED from [androidx.emoji2:emoji2:1.0.0] AndroidManifest.xml:31:13-33:52
	android:value
		ADDED from [androidx.emoji2:emoji2:1.0.0] AndroidManifest.xml:33:17-49
	android:name
		ADDED from [androidx.emoji2:emoji2:1.0.0] AndroidManifest.xml:32:17-75
meta-data#androidx.lifecycle.ProcessLifecycleInitializer
ADDED from [androidx.lifecycle:lifecycle-process:2.4.0] AndroidManifest.xml:31:13-33:52
	android:value
		ADDED from [androidx.lifecycle:lifecycle-process:2.4.0] AndroidManifest.xml:33:17-49
	android:name
		ADDED from [androidx.lifecycle:lifecycle-process:2.4.0] AndroidManifest.xml:32:17-78